Determining if the pthread_create exist failed with the following output:
Change Dir: /home/rb-rca5/rb-rca5/robot_control/build/CMakeFiles/CMakeTmp

Run Build Command:"/usr/bin/make" "cmTC_5dd89/fast"
/usr/bin/make -f CMakeFiles/cmTC_5dd89.dir/build.make CMakeFiles/cmTC_5dd89.dir/build
make[1]: Entering directory '/home/rb-rca5/rb-rca5/robot_control/build/CMakeFiles/CMakeTmp'
Building C object CMakeFiles/cmTC_5dd89.dir/CheckSymbolExists.c.o
/usr/bin/cc    -o CMakeFiles/cmTC_5dd89.dir/CheckSymbolExists.c.o   -c /home/rb-rca5/rb-rca5/robot_control/build/CMakeFiles/CMakeTmp/CheckSymbolExists.c
Linking C executable cmTC_5dd89
/usr/bin/cmake -E cmake_link_script CMakeFiles/cmTC_5dd89.dir/link.txt --verbose=1
/usr/bin/cc      -rdynamic CMakeFiles/cmTC_5dd89.dir/CheckSymbolExists.c.o  -o cmTC_5dd89 
CMakeFiles/cmTC_5dd89.dir/CheckSymbolExists.c.o: In function `main':
CheckSymbolExists.c:(.text+0x1b): undefined reference to `pthread_create'
collect2: error: ld returned 1 exit status
CMakeFiles/cmTC_5dd89.dir/build.make:97: recipe for target 'cmTC_5dd89' failed
make[1]: *** [cmTC_5dd89] Error 1
make[1]: Leaving directory '/home/rb-rca5/rb-rca5/robot_control/build/CMakeFiles/CMakeTmp'
Makefile:126: recipe for target 'cmTC_5dd89/fast' failed
make: *** [cmTC_5dd89/fast] Error 2

File /home/rb-rca5/rb-rca5/robot_control/build/CMakeFiles/CMakeTmp/CheckSymbolExists.c:
/* */
#include <pthread.h>

int main(int argc, char** argv)
{
  (void)argv;
#ifndef pthread_create
  return ((int*)(&pthread_create))[argc];
#else
  (void)argc;
  return 0;
#endif
}

Determining if the function pthread_create exists in the pthreads failed with the following output:
Change Dir: /home/rb-rca5/rb-rca5/robot_control/build/CMakeFiles/CMakeTmp

Run Build Command:"/usr/bin/make" "cmTC_fdd7d/fast"
/usr/bin/make -f CMakeFiles/cmTC_fdd7d.dir/build.make CMakeFiles/cmTC_fdd7d.dir/build
make[1]: Entering directory '/home/rb-rca5/rb-rca5/robot_control/build/CMakeFiles/CMakeTmp'
Building C object CMakeFiles/cmTC_fdd7d.dir/CheckFunctionExists.c.o
/usr/bin/cc   -DCHECK_FUNCTION_EXISTS=pthread_create   -o CMakeFiles/cmTC_fdd7d.dir/CheckFunctionExists.c.o   -c /usr/share/cmake-3.10/Modules/CheckFunctionExists.c
Linking C executable cmTC_fdd7d
/usr/bin/cmake -E cmake_link_script CMakeFiles/cmTC_fdd7d.dir/link.txt --verbose=1
/usr/bin/cc  -DCHECK_FUNCTION_EXISTS=pthread_create    -rdynamic CMakeFiles/cmTC_fdd7d.dir/CheckFunctionExists.c.o  -o cmTC_fdd7d -lpthreads 
/usr/bin/ld: cannot find -lpthreads
collect2: error: ld returned 1 exit status
CMakeFiles/cmTC_fdd7d.dir/build.make:97: recipe for target 'cmTC_fdd7d' failed
make[1]: *** [cmTC_fdd7d] Error 1
make[1]: Leaving directory '/home/rb-rca5/rb-rca5/robot_control/build/CMakeFiles/CMakeTmp'
Makefile:126: recipe for target 'cmTC_fdd7d/fast' failed
make: *** [cmTC_fdd7d/fast] Error 2


